<?xml version="1.0" encoding="UTF-8"?>
<!-- Generated by org.testng.reporters.JUnitXMLReporter -->
<testsuite ignored="0" hostname="LAPTOP-4VIC74S6" failures="0" tests="1" name="Test_001" time="0.108" errors="0" timestamp="2022-02-22T17:02:58 IST">
  <testcase classname="com.BeatO.testCases.BaseClass" name="@BeforeClass setup" time="0.04">
    <failure type="java.lang.IllegalStateException" message="The driver executable must exist: C:\Users\Yogesh Bojjawar\eclipse-workspace\eclipse\BeatO_Web_v1\.\Medicine_leads\Drivers\chromedriver.exe">
      <![CDATA[java.lang.IllegalStateException: The driver executable must exist: C:\Users\Yogesh Bojjawar\eclipse-workspace\eclipse\BeatO_Web_v1\.\Medicine_leads\Drivers\chromedriver.exe
at org.openqa.selenium.internal.Require$FileStateChecker.isFile(Require.java:315)
at org.openqa.selenium.remote.service.DriverService.checkExecutable(DriverService.java:147)
at org.openqa.selenium.remote.service.DriverService.findExecutable(DriverService.java:142)
at org.openqa.selenium.chrome.ChromeDriverService.access$000(ChromeDriverService.java:38)
at org.openqa.selenium.chrome.ChromeDriverService$Builder.findDefaultExecutable(ChromeDriverService.java:231)
at org.openqa.selenium.remote.service.DriverService$Builder.build(DriverService.java:437)
at org.openqa.selenium.chrome.ChromeDriverService.createDefaultService(ChromeDriverService.java:127)
at org.openqa.selenium.chrome.ChromeDriver.<init>(ChromeDriver.java:46)
at com.BeatO.testCases.BaseClass.setup(BaseClass.java:28)
at java.base/java.util.ArrayList.forEach(ArrayList.java:1511)
... Removed 25 stack frames]]>
    </failure>
  </testcase> <!-- @BeforeClass setup -->
  <testcase classname="com.BeatO.testCases.BaseClass" name="@AfterClass teardown" time="-1.645529578609E9">
    <skipped/>
  </testcase> <!-- @AfterClass teardown -->
  <testcase classname="com.BeatO.testCases.Tc_FreeGluco_001" name="freeglucolp1" time="0.0">
    <skipped/>
  </testcase> <!-- freeglucolp1 -->
</testsuite> <!-- Test_001 -->
